8084 번 포트에서 안드로이드서 서버 시작.
8084 번 포트에서 안드로이드서 서버 시작.
{ userid: '4' }
{ userid: '4' }
{ userid: '4' }
node:events:491
      throw er; // Unhandled 'error' event
      ^

Error: listen EADDRINUSE: address already in use :::8084
    at Server.setupListenHandle [as _listen2] (node:net:1463:16)
    at listenInCluster (node:net:1511:12)
    at Server.listen (node:net:1599:7)
    at Function.listen (/root/workspace/BackgroundNotificationInNodejs/node_modules/express/lib/application.js:635:24)
    at Object.<anonymous> (/root/workspace/BackgroundNotificationInNodejs/app.js:40:5)
    at Module._compile (node:internal/modules/cjs/loader:1155:14)
    at Object.Module._extensions..js (node:internal/modules/cjs/loader:1209:10)
    at Module.load (node:internal/modules/cjs/loader:1033:32)
    at Function.Module._load (node:internal/modules/cjs/loader:868:12)
    at Function.executeUserEntryPoint [as runMain] (node:internal/modules/run_main:81:12)
Emitted 'error' event on Server instance at:
    at emitErrorNT (node:net:1490:8)
    at processTicksAndRejections (node:internal/process/task_queues:83:21) {
  code: 'EADDRINUSE',
  errno: -98,
  syscall: 'listen',
  address: '::',
  port: 8084
}
node:events:491
      throw er; // Unhandled 'error' event
      ^

Error: listen EADDRINUSE: address already in use :::8084
    at Server.setupListenHandle [as _listen2] (node:net:1463:16)
    at listenInCluster (node:net:1511:12)
    at Server.listen (node:net:1599:7)
    at Function.listen (/root/workspace/BackgroundNotificationInNodejs/node_modules/express/lib/application.js:635:24)
    at Object.<anonymous> (/root/workspace/BackgroundNotificationInNodejs/app.js:40:5)
    at Module._compile (node:internal/modules/cjs/loader:1155:14)
    at Object.Module._extensions..js (node:internal/modules/cjs/loader:1209:10)
    at Module.load (node:internal/modules/cjs/loader:1033:32)
    at Function.Module._load (node:internal/modules/cjs/loader:868:12)
    at Function.executeUserEntryPoint [as runMain] (node:internal/modules/run_main:81:12)
Emitted 'error' event on Server instance at:
    at emitErrorNT (node:net:1490:8)
    at processTicksAndRejections (node:internal/process/task_queues:83:21) {
  code: 'EADDRINUSE',
  errno: -98,
  syscall: 'listen',
  address: '::',
  port: 8084
}
8084 번 포트에서 안드로이드서 서버 시작.
error :  Error: Incorrect integer value: '' for column 'lastCrawlingMN230' at row 1
    at Packet.asError (/root/workspace/BackgroundNotificationInNodejs/node_modules/mysql2/lib/packets/packet.js:728:17)
    at Query.execute (/root/workspace/BackgroundNotificationInNodejs/node_modules/mysql2/lib/commands/command.js:29:26)
    at Connection.handlePacket (/root/workspace/BackgroundNotificationInNodejs/node_modules/mysql2/lib/connection.js:456:32)
    at PacketParser.onPacket (/root/workspace/BackgroundNotificationInNodejs/node_modules/mysql2/lib/connection.js:85:12)
    at PacketParser.executeStart (/root/workspace/BackgroundNotificationInNodejs/node_modules/mysql2/lib/packet_parser.js:75:16)
    at Socket.<anonymous> (/root/workspace/BackgroundNotificationInNodejs/node_modules/mysql2/lib/connection.js:92:25)
    at Socket.emit (node:events:513:28)
    at addChunk (node:internal/streams/readable:315:12)
    at readableAddChunk (node:internal/streams/readable:289:9)
    at Socket.Readable.push (node:internal/streams/readable:228:10) {
  code: 'ER_TRUNCATED_WRONG_VALUE_FOR_FIELD',
  errno: 1366,
  sqlState: 'HY000',
  sqlMessage: "Incorrect integer value: '' for column 'lastCrawlingMN230' at row 1",
  sql: "UPDATE USER SET `userid` = '4', `lastCrawlingMN230` = '' WHERE userid= 4"
}
error :  Error: Can't add new command when connection is in closed state
    at Connection._addCommandClosedState (/root/workspace/BackgroundNotificationInNodejs/node_modules/mysql2/lib/connection.js:148:17)
    at Connection.query (/root/workspace/BackgroundNotificationInNodejs/node_modules/mysql2/lib/connection.js:546:17)
    at Function.USER.findByUserId (/root/workspace/BackgroundNotificationInNodejs/models/USER.js:89:9)
    at /root/workspace/BackgroundNotificationInNodejs/routes/model.js:35:12
    at Layer.handle [as handle_request] (/root/workspace/BackgroundNotificationInNodejs/node_modules/express/lib/router/layer.js:95:5)
    at next (/root/workspace/BackgroundNotificationInNodejs/node_modules/express/lib/router/route.js:144:13)
    at Route.dispatch (/root/workspace/BackgroundNotificationInNodejs/node_modules/express/lib/router/route.js:114:3)
    at Layer.handle [as handle_request] (/root/workspace/BackgroundNotificationInNodejs/node_modules/express/lib/router/layer.js:95:5)
    at /root/workspace/BackgroundNotificationInNodejs/node_modules/express/lib/router/index.js:284:15
    at Function.process_params (/root/workspace/BackgroundNotificationInNodejs/node_modules/express/lib/router/index.js:346:12) {
  fatal: true
}
Error [ERR_HTTP_HEADERS_SENT]: Cannot set headers after they are sent to the client
    at new NodeError (node:internal/errors:387:5)
    at ServerResponse.setHeader (node:_http_outgoing:644:11)
    at ServerResponse.header (/root/workspace/BackgroundNotificationInNodejs/node_modules/express/lib/response.js:794:10)
    at ServerResponse.send (/root/workspace/BackgroundNotificationInNodejs/node_modules/express/lib/response.js:174:12)
    at ServerResponse.json (/root/workspace/BackgroundNotificationInNodejs/node_modules/express/lib/response.js:278:15)
    at /root/workspace/BackgroundNotificationInNodejs/routes/model.js:39:13
    at Query.onResult (/root/workspace/BackgroundNotificationInNodejs/models/USER.js:92:13)
    at Connection._addCommandClosedState (/root/workspace/BackgroundNotificationInNodejs/node_modules/mysql2/lib/connection.js:153:11)
    at Connection.query (/root/workspace/BackgroundNotificationInNodejs/node_modules/mysql2/lib/connection.js:546:17)
    at Function.USER.findByUserId (/root/workspace/BackgroundNotificationInNodejs/models/USER.js:89:9)
error :  Error: Can't add new command when connection is in closed state
    at Connection._addCommandClosedState (/root/workspace/BackgroundNotificationInNodejs/node_modules/mysql2/lib/connection.js:148:17)
    at Connection.query (/root/workspace/BackgroundNotificationInNodejs/node_modules/mysql2/lib/connection.js:546:17)
    at Function.USER.updateByUserid (/root/workspace/BackgroundNotificationInNodejs/models/USER.js:110:9)
    at /root/workspace/BackgroundNotificationInNodejs/routes/model.js:141:12
    at Layer.handle [as handle_request] (/root/workspace/BackgroundNotificationInNodejs/node_modules/express/lib/router/layer.js:95:5)
    at next (/root/workspace/BackgroundNotificationInNodejs/node_modules/express/lib/router/route.js:144:13)
    at Route.dispatch (/root/workspace/BackgroundNotificationInNodejs/node_modules/express/lib/router/route.js:114:3)
    at Layer.handle [as handle_request] (/root/workspace/BackgroundNotificationInNodejs/node_modules/express/lib/router/layer.js:95:5)
    at /root/workspace/BackgroundNotificationInNodejs/node_modules/express/lib/router/index.js:284:15
    at Function.process_params (/root/workspace/BackgroundNotificationInNodejs/node_modules/express/lib/router/index.js:346:12) {
  fatal: true
}
error :  Error: Can't add new command when connection is in closed state
    at Connection._addCommandClosedState (/root/workspace/BackgroundNotificationInNodejs/node_modules/mysql2/lib/connection.js:148:17)
    at Connection.query (/root/workspace/BackgroundNotificationInNodejs/node_modules/mysql2/lib/connection.js:546:17)
    at Function.KEYWORD.findByUserId (/root/workspace/BackgroundNotificationInNodejs/models/KEYWORD.js:68:9)
    at /root/workspace/BackgroundNotificationInNodejs/routes/model.js:183:15
    at Layer.handle [as handle_request] (/root/workspace/BackgroundNotificationInNodejs/node_modules/express/lib/router/layer.js:95:5)
    at next (/root/workspace/BackgroundNotificationInNodejs/node_modules/express/lib/router/route.js:144:13)
    at Route.dispatch (/root/workspace/BackgroundNotificationInNodejs/node_modules/express/lib/router/route.js:114:3)
    at Layer.handle [as handle_request] (/root/workspace/BackgroundNotificationInNodejs/node_modules/express/lib/router/layer.js:95:5)
    at /root/workspace/BackgroundNotificationInNodejs/node_modules/express/lib/router/index.js:284:15
    at Function.process_params (/root/workspace/BackgroundNotificationInNodejs/node_modules/express/lib/router/index.js:346:12) {
  fatal: true
}
error :  Error: Can't add new command when connection is in closed state
    at Connection._addCommandClosedState (/root/workspace/BackgroundNotificationInNodejs/node_modules/mysql2/lib/connection.js:148:17)
    at Connection.query (/root/workspace/BackgroundNotificationInNodejs/node_modules/mysql2/lib/connection.js:546:17)
    at Function.KEYWORD.create (/root/workspace/BackgroundNotificationInNodejs/models/KEYWORD.js:52:9)
    at /root/workspace/BackgroundNotificationInNodejs/routes/model.js:235:15
    at Layer.handle [as handle_request] (/root/workspace/BackgroundNotificationInNodejs/node_modules/express/lib/router/layer.js:95:5)
    at next (/root/workspace/BackgroundNotificationInNodejs/node_modules/express/lib/router/route.js:144:13)
    at Route.dispatch (/root/workspace/BackgroundNotificationInNodejs/node_modules/express/lib/router/route.js:114:3)
    at Layer.handle [as handle_request] (/root/workspace/BackgroundNotificationInNodejs/node_modules/express/lib/router/layer.js:95:5)
    at /root/workspace/BackgroundNotificationInNodejs/node_modules/express/lib/router/index.js:284:15
    at Function.process_params (/root/workspace/BackgroundNotificationInNodejs/node_modules/express/lib/router/index.js:346:12) {
  fatal: true
}
error :  Error: Can't add new command when connection is in closed state
    at Connection._addCommandClosedState (/root/workspace/BackgroundNotificationInNodejs/node_modules/mysql2/lib/connection.js:148:17)
    at Connection.query (/root/workspace/BackgroundNotificationInNodejs/node_modules/mysql2/lib/connection.js:546:17)
    at Function.KEYWORD.findByUserId (/root/workspace/BackgroundNotificationInNodejs/models/KEYWORD.js:68:9)
    at /root/workspace/BackgroundNotificationInNodejs/routes/model.js:183:15
    at Layer.handle [as handle_request] (/root/workspace/BackgroundNotificationInNodejs/node_modules/express/lib/router/layer.js:95:5)
    at next (/root/workspace/BackgroundNotificationInNodejs/node_modules/express/lib/router/route.js:144:13)
    at Route.dispatch (/root/workspace/BackgroundNotificationInNodejs/node_modules/express/lib/router/route.js:114:3)
    at Layer.handle [as handle_request] (/root/workspace/BackgroundNotificationInNodejs/node_modules/express/lib/router/layer.js:95:5)
    at /root/workspace/BackgroundNotificationInNodejs/node_modules/express/lib/router/index.js:284:15
    at Function.process_params (/root/workspace/BackgroundNotificationInNodejs/node_modules/express/lib/router/index.js:346:12) {
  fatal: true
}
error :  Error: Can't add new command when connection is in closed state
    at Connection._addCommandClosedState (/root/workspace/BackgroundNotificationInNodejs/node_modules/mysql2/lib/connection.js:148:17)
    at Connection.query (/root/workspace/BackgroundNotificationInNodejs/node_modules/mysql2/lib/connection.js:546:17)
    at Function.KEYWORD.findByUserId (/root/workspace/BackgroundNotificationInNodejs/models/KEYWORD.js:68:9)
    at /root/workspace/BackgroundNotificationInNodejs/routes/model.js:183:15
    at Layer.handle [as handle_request] (/root/workspace/BackgroundNotificationInNodejs/node_modules/express/lib/router/layer.js:95:5)
    at next (/root/workspace/BackgroundNotificationInNodejs/node_modules/express/lib/router/route.js:144:13)
    at Route.dispatch (/root/workspace/BackgroundNotificationInNodejs/node_modules/express/lib/router/route.js:114:3)
    at Layer.handle [as handle_request] (/root/workspace/BackgroundNotificationInNodejs/node_modules/express/lib/router/layer.js:95:5)
    at /root/workspace/BackgroundNotificationInNodejs/node_modules/express/lib/router/index.js:284:15
    at Function.process_params (/root/workspace/BackgroundNotificationInNodejs/node_modules/express/lib/router/index.js:346:12) {
  fatal: true
}
error :  Error: Can't add new command when connection is in closed state
    at Connection._addCommandClosedState (/root/workspace/BackgroundNotificationInNodejs/node_modules/mysql2/lib/connection.js:148:17)
    at Connection.query (/root/workspace/BackgroundNotificationInNodejs/node_modules/mysql2/lib/connection.js:546:17)
    at Function.KEYWORD.findByUserId (/root/workspace/BackgroundNotificationInNodejs/models/KEYWORD.js:68:9)
    at /root/workspace/BackgroundNotificationInNodejs/routes/model.js:183:15
    at Layer.handle [as handle_request] (/root/workspace/BackgroundNotificationInNodejs/node_modules/express/lib/router/layer.js:95:5)
    at next (/root/workspace/BackgroundNotificationInNodejs/node_modules/express/lib/router/route.js:144:13)
    at Route.dispatch (/root/workspace/BackgroundNotificationInNodejs/node_modules/express/lib/router/route.js:114:3)
    at Layer.handle [as handle_request] (/root/workspace/BackgroundNotificationInNodejs/node_modules/express/lib/router/layer.js:95:5)
    at /root/workspace/BackgroundNotificationInNodejs/node_modules/express/lib/router/index.js:284:15
    at Function.process_params (/root/workspace/BackgroundNotificationInNodejs/node_modules/express/lib/router/index.js:346:12) {
  fatal: true
}
error :  Error: Can't add new command when connection is in closed state
    at Connection._addCommandClosedState (/root/workspace/BackgroundNotificationInNodejs/node_modules/mysql2/lib/connection.js:148:17)
    at Connection.query (/root/workspace/BackgroundNotificationInNodejs/node_modules/mysql2/lib/connection.js:546:17)
    at Function.KEYWORD.findByUserId (/root/workspace/BackgroundNotificationInNodejs/models/KEYWORD.js:68:9)
    at /root/workspace/BackgroundNotificationInNodejs/routes/model.js:183:15
    at Layer.handle [as handle_request] (/root/workspace/BackgroundNotificationInNodejs/node_modules/express/lib/router/layer.js:95:5)
    at next (/root/workspace/BackgroundNotificationInNodejs/node_modules/express/lib/router/route.js:144:13)
    at Route.dispatch (/root/workspace/BackgroundNotificationInNodejs/node_modules/express/lib/router/route.js:114:3)
    at Layer.handle [as handle_request] (/root/workspace/BackgroundNotificationInNodejs/node_modules/express/lib/router/layer.js:95:5)
    at /root/workspace/BackgroundNotificationInNodejs/node_modules/express/lib/router/index.js:284:15
    at Function.process_params (/root/workspace/BackgroundNotificationInNodejs/node_modules/express/lib/router/index.js:346:12) {
  fatal: true
}
error :  Error: Can't add new command when connection is in closed state
    at Connection._addCommandClosedState (/root/workspace/BackgroundNotificationInNodejs/node_modules/mysql2/lib/connection.js:148:17)
    at Connection.query (/root/workspace/BackgroundNotificationInNodejs/node_modules/mysql2/lib/connection.js:546:17)
    at Function.KEYWORD.findByUserId (/root/workspace/BackgroundNotificationInNodejs/models/KEYWORD.js:68:9)
    at /root/workspace/BackgroundNotificationInNodejs/routes/model.js:183:15
    at Layer.handle [as handle_request] (/root/workspace/BackgroundNotificationInNodejs/node_modules/express/lib/router/layer.js:95:5)
    at next (/root/workspace/BackgroundNotificationInNodejs/node_modules/express/lib/router/route.js:144:13)
    at Route.dispatch (/root/workspace/BackgroundNotificationInNodejs/node_modules/express/lib/router/route.js:114:3)
    at Layer.handle [as handle_request] (/root/workspace/BackgroundNotificationInNodejs/node_modules/express/lib/router/layer.js:95:5)
    at /root/workspace/BackgroundNotificationInNodejs/node_modules/express/lib/router/index.js:284:15
    at Function.process_params (/root/workspace/BackgroundNotificationInNodejs/node_modules/express/lib/router/index.js:346:12) {
  fatal: true
}
error :  Error: Can't add new command when connection is in closed state
    at Connection._addCommandClosedState (/root/workspace/BackgroundNotificationInNodejs/node_modules/mysql2/lib/connection.js:148:17)
    at Connection.query (/root/workspace/BackgroundNotificationInNodejs/node_modules/mysql2/lib/connection.js:546:17)
    at Function.KEYWORD.findByUserId (/root/workspace/BackgroundNotificationInNodejs/models/KEYWORD.js:68:9)
    at /root/workspace/BackgroundNotificationInNodejs/routes/model.js:183:15
    at Layer.handle [as handle_request] (/root/workspace/BackgroundNotificationInNodejs/node_modules/express/lib/router/layer.js:95:5)
    at next (/root/workspace/BackgroundNotificationInNodejs/node_modules/express/lib/router/route.js:144:13)
    at Route.dispatch (/root/workspace/BackgroundNotificationInNodejs/node_modules/express/lib/router/route.js:114:3)
    at Layer.handle [as handle_request] (/root/workspace/BackgroundNotificationInNodejs/node_modules/express/lib/router/layer.js:95:5)
    at /root/workspace/BackgroundNotificationInNodejs/node_modules/express/lib/router/index.js:284:15
    at Function.process_params (/root/workspace/BackgroundNotificationInNodejs/node_modules/express/lib/router/index.js:346:12) {
  fatal: true
}
error :  Error: Can't add new command when connection is in closed state
    at Connection._addCommandClosedState (/root/workspace/BackgroundNotificationInNodejs/node_modules/mysql2/lib/connection.js:148:17)
    at Connection.query (/root/workspace/BackgroundNotificationInNodejs/node_modules/mysql2/lib/connection.js:546:17)
    at Function.KEYWORD.create (/root/workspace/BackgroundNotificationInNodejs/models/KEYWORD.js:52:9)
    at /root/workspace/BackgroundNotificationInNodejs/routes/model.js:235:15
    at Layer.handle [as handle_request] (/root/workspace/BackgroundNotificationInNodejs/node_modules/express/lib/router/layer.js:95:5)
    at next (/root/workspace/BackgroundNotificationInNodejs/node_modules/express/lib/router/route.js:144:13)
    at Route.dispatch (/root/workspace/BackgroundNotificationInNodejs/node_modules/express/lib/router/route.js:114:3)
    at Layer.handle [as handle_request] (/root/workspace/BackgroundNotificationInNodejs/node_modules/express/lib/router/layer.js:95:5)
    at /root/workspace/BackgroundNotificationInNodejs/node_modules/express/lib/router/index.js:284:15
    at Function.process_params (/root/workspace/BackgroundNotificationInNodejs/node_modules/express/lib/router/index.js:346:12) {
  fatal: true
}
error :  Error: Can't add new command when connection is in closed state
    at Connection._addCommandClosedState (/root/workspace/BackgroundNotificationInNodejs/node_modules/mysql2/lib/connection.js:148:17)
    at Connection.query (/root/workspace/BackgroundNotificationInNodejs/node_modules/mysql2/lib/connection.js:546:17)
    at Function.KEYWORD.removeByKeyword (/root/workspace/BackgroundNotificationInNodejs/models/KEYWORD.js:99:9)
    at /root/workspace/BackgroundNotificationInNodejs/routes/model.js:283:15
    at Layer.handle [as handle_request] (/root/workspace/BackgroundNotificationInNodejs/node_modules/express/lib/router/layer.js:95:5)
    at next (/root/workspace/BackgroundNotificationInNodejs/node_modules/express/lib/router/route.js:144:13)
    at Route.dispatch (/root/workspace/BackgroundNotificationInNodejs/node_modules/express/lib/router/route.js:114:3)
    at Layer.handle [as handle_request] (/root/workspace/BackgroundNotificationInNodejs/node_modules/express/lib/router/layer.js:95:5)
    at /root/workspace/BackgroundNotificationInNodejs/node_modules/express/lib/router/index.js:284:15
    at Function.process_params (/root/workspace/BackgroundNotificationInNodejs/node_modules/express/lib/router/index.js:346:12) {
  fatal: true
}
error :  Error: Can't add new command when connection is in closed state
    at Connection._addCommandClosedState (/root/workspace/BackgroundNotificationInNodejs/node_modules/mysql2/lib/connection.js:148:17)
    at Connection.query (/root/workspace/BackgroundNotificationInNodejs/node_modules/mysql2/lib/connection.js:546:17)
    at Function.KEYWORD.create (/root/workspace/BackgroundNotificationInNodejs/models/KEYWORD.js:52:9)
    at /root/workspace/BackgroundNotificationInNodejs/routes/model.js:235:15
    at Layer.handle [as handle_request] (/root/workspace/BackgroundNotificationInNodejs/node_modules/express/lib/router/layer.js:95:5)
    at next (/root/workspace/BackgroundNotificationInNodejs/node_modules/express/lib/router/route.js:144:13)
    at Route.dispatch (/root/workspace/BackgroundNotificationInNodejs/node_modules/express/lib/router/route.js:114:3)
    at Layer.handle [as handle_request] (/root/workspace/BackgroundNotificationInNodejs/node_modules/express/lib/router/layer.js:95:5)
    at /root/workspace/BackgroundNotificationInNodejs/node_modules/express/lib/router/index.js:284:15
    at Function.process_params (/root/workspace/BackgroundNotificationInNodejs/node_modules/express/lib/router/index.js:346:12) {
  fatal: true
}
error :  Error: Can't add new command when connection is in closed state
    at Connection._addCommandClosedState (/root/workspace/BackgroundNotificationInNodejs/node_modules/mysql2/lib/connection.js:148:17)
    at Connection.query (/root/workspace/BackgroundNotificationInNodejs/node_modules/mysql2/lib/connection.js:546:17)
    at Function.USER.findByUserId (/root/workspace/BackgroundNotificationInNodejs/models/USER.js:89:9)
    at /root/workspace/BackgroundNotificationInNodejs/routes/model.js:35:12
    at Layer.handle [as handle_request] (/root/workspace/BackgroundNotificationInNodejs/node_modules/express/lib/router/layer.js:95:5)
    at next (/root/workspace/BackgroundNotificationInNodejs/node_modules/express/lib/router/route.js:144:13)
    at Route.dispatch (/root/workspace/BackgroundNotificationInNodejs/node_modules/express/lib/router/route.js:114:3)
    at Layer.handle [as handle_request] (/root/workspace/BackgroundNotificationInNodejs/node_modules/express/lib/router/layer.js:95:5)
    at /root/workspace/BackgroundNotificationInNodejs/node_modules/express/lib/router/index.js:284:15
    at Function.process_params (/root/workspace/BackgroundNotificationInNodejs/node_modules/express/lib/router/index.js:346:12) {
  fatal: true
}
Error [ERR_HTTP_HEADERS_SENT]: Cannot set headers after they are sent to the client
    at new NodeError (node:internal/errors:387:5)
    at ServerResponse.setHeader (node:_http_outgoing:644:11)
    at ServerResponse.header (/root/workspace/BackgroundNotificationInNodejs/node_modules/express/lib/response.js:794:10)
    at ServerResponse.send (/root/workspace/BackgroundNotificationInNodejs/node_modules/express/lib/response.js:174:12)
    at ServerResponse.json (/root/workspace/BackgroundNotificationInNodejs/node_modules/express/lib/response.js:278:15)
    at /root/workspace/BackgroundNotificationInNodejs/routes/model.js:39:13
    at Query.onResult (/root/workspace/BackgroundNotificationInNodejs/models/USER.js:92:13)
    at Connection._addCommandClosedState (/root/workspace/BackgroundNotificationInNodejs/node_modules/mysql2/lib/connection.js:153:11)
    at Connection.query (/root/workspace/BackgroundNotificationInNodejs/node_modules/mysql2/lib/connection.js:546:17)
    at Function.USER.findByUserId (/root/workspace/BackgroundNotificationInNodejs/models/USER.js:89:9)
error :  Error: Can't add new command when connection is in closed state
    at Connection._addCommandClosedState (/root/workspace/BackgroundNotificationInNodejs/node_modules/mysql2/lib/connection.js:148:17)
    at Connection.query (/root/workspace/BackgroundNotificationInNodejs/node_modules/mysql2/lib/connection.js:546:17)
    at Function.KEYWORD.findByUserId (/root/workspace/BackgroundNotificationInNodejs/models/KEYWORD.js:68:9)
    at /root/workspace/BackgroundNotificationInNodejs/routes/model.js:183:15
    at Layer.handle [as handle_request] (/root/workspace/BackgroundNotificationInNodejs/node_modules/express/lib/router/layer.js:95:5)
    at next (/root/workspace/BackgroundNotificationInNodejs/node_modules/express/lib/router/route.js:144:13)
    at Route.dispatch (/root/workspace/BackgroundNotificationInNodejs/node_modules/express/lib/router/route.js:114:3)
    at Layer.handle [as handle_request] (/root/workspace/BackgroundNotificationInNodejs/node_modules/express/lib/router/layer.js:95:5)
    at /root/workspace/BackgroundNotificationInNodejs/node_modules/express/lib/router/index.js:284:15
    at Function.process_params (/root/workspace/BackgroundNotificationInNodejs/node_modules/express/lib/router/index.js:346:12) {
  fatal: true
}
error :  Error: Can't add new command when connection is in closed state
    at Connection._addCommandClosedState (/root/workspace/BackgroundNotificationInNodejs/node_modules/mysql2/lib/connection.js:148:17)
    at Connection.query (/root/workspace/BackgroundNotificationInNodejs/node_modules/mysql2/lib/connection.js:546:17)
    at Function.KEYWORD.findByUserId (/root/workspace/BackgroundNotificationInNodejs/models/KEYWORD.js:68:9)
    at /root/workspace/BackgroundNotificationInNodejs/routes/model.js:183:15
    at Layer.handle [as handle_request] (/root/workspace/BackgroundNotificationInNodejs/node_modules/express/lib/router/layer.js:95:5)
    at next (/root/workspace/BackgroundNotificationInNodejs/node_modules/express/lib/router/route.js:144:13)
    at Route.dispatch (/root/workspace/BackgroundNotificationInNodejs/node_modules/express/lib/router/route.js:114:3)
    at Layer.handle [as handle_request] (/root/workspace/BackgroundNotificationInNodejs/node_modules/express/lib/router/layer.js:95:5)
    at /root/workspace/BackgroundNotificationInNodejs/node_modules/express/lib/router/index.js:284:15
    at Function.process_params (/root/workspace/BackgroundNotificationInNodejs/node_modules/express/lib/router/index.js:346:12) {
  fatal: true
}
error :  Error: Can't add new command when connection is in closed state
    at Connection._addCommandClosedState (/root/workspace/BackgroundNotificationInNodejs/node_modules/mysql2/lib/connection.js:148:17)
    at Connection.query (/root/workspace/BackgroundNotificationInNodejs/node_modules/mysql2/lib/connection.js:546:17)
    at Function.KEYWORD.findByUserId (/root/workspace/BackgroundNotificationInNodejs/models/KEYWORD.js:68:9)
    at /root/workspace/BackgroundNotificationInNodejs/routes/model.js:183:15
    at Layer.handle [as handle_request] (/root/workspace/BackgroundNotificationInNodejs/node_modules/express/lib/router/layer.js:95:5)
    at next (/root/workspace/BackgroundNotificationInNodejs/node_modules/express/lib/router/route.js:144:13)
    at Route.dispatch (/root/workspace/BackgroundNotificationInNodejs/node_modules/express/lib/router/route.js:114:3)
    at Layer.handle [as handle_request] (/root/workspace/BackgroundNotificationInNodejs/node_modules/express/lib/router/layer.js:95:5)
    at /root/workspace/BackgroundNotificationInNodejs/node_modules/express/lib/router/index.js:284:15
    at Function.process_params (/root/workspace/BackgroundNotificationInNodejs/node_modules/express/lib/router/index.js:346:12) {
  fatal: true
}
error :  Error: Can't add new command when connection is in closed state
    at Connection._addCommandClosedState (/root/workspace/BackgroundNotificationInNodejs/node_modules/mysql2/lib/connection.js:148:17)
    at Connection.query (/root/workspace/BackgroundNotificationInNodejs/node_modules/mysql2/lib/connection.js:546:17)
    at Function.KEYWORD.findByUserId (/root/workspace/BackgroundNotificationInNodejs/models/KEYWORD.js:68:9)
    at /root/workspace/BackgroundNotificationInNodejs/routes/model.js:183:15
    at Layer.handle [as handle_request] (/root/workspace/BackgroundNotificationInNodejs/node_modules/express/lib/router/layer.js:95:5)
    at next (/root/workspace/BackgroundNotificationInNodejs/node_modules/express/lib/router/route.js:144:13)
    at Route.dispatch (/root/workspace/BackgroundNotificationInNodejs/node_modules/express/lib/router/route.js:114:3)
    at Layer.handle [as handle_request] (/root/workspace/BackgroundNotificationInNodejs/node_modules/express/lib/router/layer.js:95:5)
    at /root/workspace/BackgroundNotificationInNodejs/node_modules/express/lib/router/index.js:284:15
    at Function.process_params (/root/workspace/BackgroundNotificationInNodejs/node_modules/express/lib/router/index.js:346:12) {
  fatal: true
}
error :  Error: Can't add new command when connection is in closed state
    at Connection._addCommandClosedState (/root/workspace/BackgroundNotificationInNodejs/node_modules/mysql2/lib/connection.js:148:17)
    at Connection.query (/root/workspace/BackgroundNotificationInNodejs/node_modules/mysql2/lib/connection.js:546:17)
    at Function.USER.findByUserId (/root/workspace/BackgroundNotificationInNodejs/models/USER.js:89:9)
    at /root/workspace/BackgroundNotificationInNodejs/routes/model.js:35:12
    at Layer.handle [as handle_request] (/root/workspace/BackgroundNotificationInNodejs/node_modules/express/lib/router/layer.js:95:5)
    at next (/root/workspace/BackgroundNotificationInNodejs/node_modules/express/lib/router/route.js:144:13)
    at Route.dispatch (/root/workspace/BackgroundNotificationInNodejs/node_modules/express/lib/router/route.js:114:3)
    at Layer.handle [as handle_request] (/root/workspace/BackgroundNotificationInNodejs/node_modules/express/lib/router/layer.js:95:5)
    at /root/workspace/BackgroundNotificationInNodejs/node_modules/express/lib/router/index.js:284:15
    at Function.process_params (/root/workspace/BackgroundNotificationInNodejs/node_modules/express/lib/router/index.js:346:12) {
  fatal: true
}
Error [ERR_HTTP_HEADERS_SENT]: Cannot set headers after they are sent to the client
    at new NodeError (node:internal/errors:387:5)
    at ServerResponse.setHeader (node:_http_outgoing:644:11)
    at ServerResponse.header (/root/workspace/BackgroundNotificationInNodejs/node_modules/express/lib/response.js:794:10)
    at ServerResponse.send (/root/workspace/BackgroundNotificationInNodejs/node_modules/express/lib/response.js:174:12)
    at ServerResponse.json (/root/workspace/BackgroundNotificationInNodejs/node_modules/express/lib/response.js:278:15)
    at /root/workspace/BackgroundNotificationInNodejs/routes/model.js:39:13
    at Query.onResult (/root/workspace/BackgroundNotificationInNodejs/models/USER.js:92:13)
    at Connection._addCommandClosedState (/root/workspace/BackgroundNotificationInNodejs/node_modules/mysql2/lib/connection.js:153:11)
    at Connection.query (/root/workspace/BackgroundNotificationInNodejs/node_modules/mysql2/lib/connection.js:546:17)
    at Function.USER.findByUserId (/root/workspace/BackgroundNotificationInNodejs/models/USER.js:89:9)
error :  Error: Can't add new command when connection is in closed state
    at Connection._addCommandClosedState (/root/workspace/BackgroundNotificationInNodejs/node_modules/mysql2/lib/connection.js:148:17)
    at Connection.query (/root/workspace/BackgroundNotificationInNodejs/node_modules/mysql2/lib/connection.js:546:17)
    at Function.USER.findByUserId (/root/workspace/BackgroundNotificationInNodejs/models/USER.js:89:9)
    at /root/workspace/BackgroundNotificationInNodejs/routes/model.js:35:12
    at Layer.handle [as handle_request] (/root/workspace/BackgroundNotificationInNodejs/node_modules/express/lib/router/layer.js:95:5)
    at next (/root/workspace/BackgroundNotificationInNodejs/node_modules/express/lib/router/route.js:144:13)
    at Route.dispatch (/root/workspace/BackgroundNotificationInNodejs/node_modules/express/lib/router/route.js:114:3)
    at Layer.handle [as handle_request] (/root/workspace/BackgroundNotificationInNodejs/node_modules/express/lib/router/layer.js:95:5)
    at /root/workspace/BackgroundNotificationInNodejs/node_modules/express/lib/router/index.js:284:15
    at Function.process_params (/root/workspace/BackgroundNotificationInNodejs/node_modules/express/lib/router/index.js:346:12) {
  fatal: true
}
Error [ERR_HTTP_HEADERS_SENT]: Cannot set headers after they are sent to the client
    at new NodeError (node:internal/errors:387:5)
    at ServerResponse.setHeader (node:_http_outgoing:644:11)
    at ServerResponse.header (/root/workspace/BackgroundNotificationInNodejs/node_modules/express/lib/response.js:794:10)
    at ServerResponse.send (/root/workspace/BackgroundNotificationInNodejs/node_modules/express/lib/response.js:174:12)
    at ServerResponse.json (/root/workspace/BackgroundNotificationInNodejs/node_modules/express/lib/response.js:278:15)
    at /root/workspace/BackgroundNotificationInNodejs/routes/model.js:39:13
    at Query.onResult (/root/workspace/BackgroundNotificationInNodejs/models/USER.js:92:13)
    at Connection._addCommandClosedState (/root/workspace/BackgroundNotificationInNodejs/node_modules/mysql2/lib/connection.js:153:11)
    at Connection.query (/root/workspace/BackgroundNotificationInNodejs/node_modules/mysql2/lib/connection.js:546:17)
    at Function.USER.findByUserId (/root/workspace/BackgroundNotificationInNodejs/models/USER.js:89:9)
error :  Error: Can't add new command when connection is in closed state
    at Connection._addCommandClosedState (/root/workspace/BackgroundNotificationInNodejs/node_modules/mysql2/lib/connection.js:148:17)
    at Connection.query (/root/workspace/BackgroundNotificationInNodejs/node_modules/mysql2/lib/connection.js:546:17)
    at Function.USER.create (/root/workspace/BackgroundNotificationInNodejs/models/USER.js:73:9)
    at /root/workspace/BackgroundNotificationInNodejs/routes/model.js:70:12
    at Layer.handle [as handle_request] (/root/workspace/BackgroundNotificationInNodejs/node_modules/express/lib/router/layer.js:95:5)
    at next (/root/workspace/BackgroundNotificationInNodejs/node_modules/express/lib/router/route.js:144:13)
    at Route.dispatch (/root/workspace/BackgroundNotificationInNodejs/node_modules/express/lib/router/route.js:114:3)
    at Layer.handle [as handle_request] (/root/workspace/BackgroundNotificationInNodejs/node_modules/express/lib/router/layer.js:95:5)
    at /root/workspace/BackgroundNotificationInNodejs/node_modules/express/lib/router/index.js:284:15
    at Function.process_params (/root/workspace/BackgroundNotificationInNodejs/node_modules/express/lib/router/index.js:346:12) {
  fatal: true
}
error :  Error: Can't add new command when connection is in closed state
    at Connection._addCommandClosedState (/root/workspace/BackgroundNotificationInNodejs/node_modules/mysql2/lib/connection.js:148:17)
    at Connection.query (/root/workspace/BackgroundNotificationInNodejs/node_modules/mysql2/lib/connection.js:546:17)
    at Function.KEYWORD.findByUserId (/root/workspace/BackgroundNotificationInNodejs/models/KEYWORD.js:68:9)
    at /root/workspace/BackgroundNotificationInNodejs/routes/model.js:183:15
    at Layer.handle [as handle_request] (/root/workspace/BackgroundNotificationInNodejs/node_modules/express/lib/router/layer.js:95:5)
    at next (/root/workspace/BackgroundNotificationInNodejs/node_modules/express/lib/router/route.js:144:13)
    at Route.dispatch (/root/workspace/BackgroundNotificationInNodejs/node_modules/express/lib/router/route.js:114:3)
    at Layer.handle [as handle_request] (/root/workspace/BackgroundNotificationInNodejs/node_modules/express/lib/router/layer.js:95:5)
    at /root/workspace/BackgroundNotificationInNodejs/node_modules/express/lib/router/index.js:284:15
    at Function.process_params (/root/workspace/BackgroundNotificationInNodejs/node_modules/express/lib/router/index.js:346:12) {
  fatal: true
}
error :  Error: Can't add new command when connection is in closed state
    at Connection._addCommandClosedState (/root/workspace/BackgroundNotificationInNodejs/node_modules/mysql2/lib/connection.js:148:17)
    at Connection.query (/root/workspace/BackgroundNotificationInNodejs/node_modules/mysql2/lib/connection.js:546:17)
    at Function.KEYWORD.findByUserId (/root/workspace/BackgroundNotificationInNodejs/models/KEYWORD.js:68:9)
    at /root/workspace/BackgroundNotificationInNodejs/routes/model.js:183:15
    at Layer.handle [as handle_request] (/root/workspace/BackgroundNotificationInNodejs/node_modules/express/lib/router/layer.js:95:5)
    at next (/root/workspace/BackgroundNotificationInNodejs/node_modules/express/lib/router/route.js:144:13)
    at Route.dispatch (/root/workspace/BackgroundNotificationInNodejs/node_modules/express/lib/router/route.js:114:3)
    at Layer.handle [as handle_request] (/root/workspace/BackgroundNotificationInNodejs/node_modules/express/lib/router/layer.js:95:5)
    at /root/workspace/BackgroundNotificationInNodejs/node_modules/express/lib/router/index.js:284:15
    at Function.process_params (/root/workspace/BackgroundNotificationInNodejs/node_modules/express/lib/router/index.js:346:12) {
  fatal: true
}
error :  Error: Can't add new command when connection is in closed state
    at Connection._addCommandClosedState (/root/workspace/BackgroundNotificationInNodejs/node_modules/mysql2/lib/connection.js:148:17)
    at Connection.query (/root/workspace/BackgroundNotificationInNodejs/node_modules/mysql2/lib/connection.js:546:17)
    at Function.USER.findByUserId (/root/workspace/BackgroundNotificationInNodejs/models/USER.js:89:9)
    at /root/workspace/BackgroundNotificationInNodejs/routes/model.js:35:12
    at Layer.handle [as handle_request] (/root/workspace/BackgroundNotificationInNodejs/node_modules/express/lib/router/layer.js:95:5)
    at next (/root/workspace/BackgroundNotificationInNodejs/node_modules/express/lib/router/route.js:144:13)
    at Route.dispatch (/root/workspace/BackgroundNotificationInNodejs/node_modules/express/lib/router/route.js:114:3)
    at Layer.handle [as handle_request] (/root/workspace/BackgroundNotificationInNodejs/node_modules/express/lib/router/layer.js:95:5)
    at /root/workspace/BackgroundNotificationInNodejs/node_modules/express/lib/router/index.js:284:15
    at Function.process_params (/root/workspace/BackgroundNotificationInNodejs/node_modules/express/lib/router/index.js:346:12) {
  fatal: true
}
Error [ERR_HTTP_HEADERS_SENT]: Cannot set headers after they are sent to the client
    at new NodeError (node:internal/errors:387:5)
    at ServerResponse.setHeader (node:_http_outgoing:644:11)
    at ServerResponse.header (/root/workspace/BackgroundNotificationInNodejs/node_modules/express/lib/response.js:794:10)
    at ServerResponse.send (/root/workspace/BackgroundNotificationInNodejs/node_modules/express/lib/response.js:174:12)
    at ServerResponse.json (/root/workspace/BackgroundNotificationInNodejs/node_modules/express/lib/response.js:278:15)
    at /root/workspace/BackgroundNotificationInNodejs/routes/model.js:39:13
    at Query.onResult (/root/workspace/BackgroundNotificationInNodejs/models/USER.js:92:13)
    at Connection._addCommandClosedState (/root/workspace/BackgroundNotificationInNodejs/node_modules/mysql2/lib/connection.js:153:11)
    at Connection.query (/root/workspace/BackgroundNotificationInNodejs/node_modules/mysql2/lib/connection.js:546:17)
    at Function.USER.findByUserId (/root/workspace/BackgroundNotificationInNodejs/models/USER.js:89:9)
error :  Error: Can't add new command when connection is in closed state
    at Connection._addCommandClosedState (/root/workspace/BackgroundNotificationInNodejs/node_modules/mysql2/lib/connection.js:148:17)
    at Connection.query (/root/workspace/BackgroundNotificationInNodejs/node_modules/mysql2/lib/connection.js:546:17)
    at Function.USER.create (/root/workspace/BackgroundNotificationInNodejs/models/USER.js:73:9)
    at /root/workspace/BackgroundNotificationInNodejs/routes/model.js:70:12
    at Layer.handle [as handle_request] (/root/workspace/BackgroundNotificationInNodejs/node_modules/express/lib/router/layer.js:95:5)
    at next (/root/workspace/BackgroundNotificationInNodejs/node_modules/express/lib/router/route.js:144:13)
    at Route.dispatch (/root/workspace/BackgroundNotificationInNodejs/node_modules/express/lib/router/route.js:114:3)
    at Layer.handle [as handle_request] (/root/workspace/BackgroundNotificationInNodejs/node_modules/express/lib/router/layer.js:95:5)
    at /root/workspace/BackgroundNotificationInNodejs/node_modules/express/lib/router/index.js:284:15
    at Function.process_params (/root/workspace/BackgroundNotificationInNodejs/node_modules/express/lib/router/index.js:346:12) {
  fatal: true
}
error :  Error: Can't add new command when connection is in closed state
    at Connection._addCommandClosedState (/root/workspace/BackgroundNotificationInNodejs/node_modules/mysql2/lib/connection.js:148:17)
    at Connection.query (/root/workspace/BackgroundNotificationInNodejs/node_modules/mysql2/lib/connection.js:546:17)
    at Function.USER.create (/root/workspace/BackgroundNotificationInNodejs/models/USER.js:73:9)
    at /root/workspace/BackgroundNotificationInNodejs/routes/model.js:70:12
    at Layer.handle [as handle_request] (/root/workspace/BackgroundNotificationInNodejs/node_modules/express/lib/router/layer.js:95:5)
    at next (/root/workspace/BackgroundNotificationInNodejs/node_modules/express/lib/router/route.js:144:13)
    at Route.dispatch (/root/workspace/BackgroundNotificationInNodejs/node_modules/express/lib/router/route.js:114:3)
    at Layer.handle [as handle_request] (/root/workspace/BackgroundNotificationInNodejs/node_modules/express/lib/router/layer.js:95:5)
    at /root/workspace/BackgroundNotificationInNodejs/node_modules/express/lib/router/index.js:284:15
    at Function.process_params (/root/workspace/BackgroundNotificationInNodejs/node_modules/express/lib/router/index.js:346:12) {
  fatal: true
}
error :  Error: Can't add new command when connection is in closed state
    at Connection._addCommandClosedState (/root/workspace/BackgroundNotificationInNodejs/node_modules/mysql2/lib/connection.js:148:17)
    at Connection.query (/root/workspace/BackgroundNotificationInNodejs/node_modules/mysql2/lib/connection.js:546:17)
    at Function.USER.create (/root/workspace/BackgroundNotificationInNodejs/models/USER.js:73:9)
    at /root/workspace/BackgroundNotificationInNodejs/routes/model.js:70:12
    at Layer.handle [as handle_request] (/root/workspace/BackgroundNotificationInNodejs/node_modules/express/lib/router/layer.js:95:5)
    at next (/root/workspace/BackgroundNotificationInNodejs/node_modules/express/lib/router/route.js:144:13)
    at Route.dispatch (/root/workspace/BackgroundNotificationInNodejs/node_modules/express/lib/router/route.js:114:3)
    at Layer.handle [as handle_request] (/root/workspace/BackgroundNotificationInNodejs/node_modules/express/lib/router/layer.js:95:5)
    at /root/workspace/BackgroundNotificationInNodejs/node_modules/express/lib/router/index.js:284:15
    at Function.process_params (/root/workspace/BackgroundNotificationInNodejs/node_modules/express/lib/router/index.js:346:12) {
  fatal: true
}
8084 번 포트에서 안드로이드서 서버 시작.
error :  Error: Can't add new command when connection is in closed state
    at Connection._addCommandClosedState (/root/workspace/BackgroundNotificationInNodejs/node_modules/mysql2/lib/connection.js:148:17)
    at Connection.query (/root/workspace/BackgroundNotificationInNodejs/node_modules/mysql2/lib/connection.js:546:17)
    at Function.KEYWORD.findByUserId (/root/workspace/BackgroundNotificationInNodejs/models/KEYWORD.js:68:9)
    at /root/workspace/BackgroundNotificationInNodejs/routes/model.js:183:15
    at Layer.handle [as handle_request] (/root/workspace/BackgroundNotificationInNodejs/node_modules/express/lib/router/layer.js:95:5)
    at next (/root/workspace/BackgroundNotificationInNodejs/node_modules/express/lib/router/route.js:144:13)
    at Route.dispatch (/root/workspace/BackgroundNotificationInNodejs/node_modules/express/lib/router/route.js:114:3)
    at Layer.handle [as handle_request] (/root/workspace/BackgroundNotificationInNodejs/node_modules/express/lib/router/layer.js:95:5)
    at /root/workspace/BackgroundNotificationInNodejs/node_modules/express/lib/router/index.js:284:15
    at Function.process_params (/root/workspace/BackgroundNotificationInNodejs/node_modules/express/lib/router/index.js:346:12) {
  fatal: true
}
error :  Error: Can't add new command when connection is in closed state
    at Connection._addCommandClosedState (/root/workspace/BackgroundNotificationInNodejs/node_modules/mysql2/lib/connection.js:148:17)
    at Connection.query (/root/workspace/BackgroundNotificationInNodejs/node_modules/mysql2/lib/connection.js:546:17)
    at Function.KEYWORD.findByUserId (/root/workspace/BackgroundNotificationInNodejs/models/KEYWORD.js:68:9)
    at /root/workspace/BackgroundNotificationInNodejs/routes/model.js:183:15
    at Layer.handle [as handle_request] (/root/workspace/BackgroundNotificationInNodejs/node_modules/express/lib/router/layer.js:95:5)
    at next (/root/workspace/BackgroundNotificationInNodejs/node_modules/express/lib/router/route.js:144:13)
    at Route.dispatch (/root/workspace/BackgroundNotificationInNodejs/node_modules/express/lib/router/route.js:114:3)
    at Layer.handle [as handle_request] (/root/workspace/BackgroundNotificationInNodejs/node_modules/express/lib/router/layer.js:95:5)
    at /root/workspace/BackgroundNotificationInNodejs/node_modules/express/lib/router/index.js:284:15
    at Function.process_params (/root/workspace/BackgroundNotificationInNodejs/node_modules/express/lib/router/index.js:346:12) {
  fatal: true
}
error :  Error: Can't add new command when connection is in closed state
    at Connection._addCommandClosedState (/root/workspace/BackgroundNotificationInNodejs/node_modules/mysql2/lib/connection.js:148:17)
    at Connection.query (/root/workspace/BackgroundNotificationInNodejs/node_modules/mysql2/lib/connection.js:546:17)
    at Function.KEYWORD.findByUserId (/root/workspace/BackgroundNotificationInNodejs/models/KEYWORD.js:68:9)
    at /root/workspace/BackgroundNotificationInNodejs/routes/model.js:183:15
    at Layer.handle [as handle_request] (/root/workspace/BackgroundNotificationInNodejs/node_modules/express/lib/router/layer.js:95:5)
    at next (/root/workspace/BackgroundNotificationInNodejs/node_modules/express/lib/router/route.js:144:13)
    at Route.dispatch (/root/workspace/BackgroundNotificationInNodejs/node_modules/express/lib/router/route.js:114:3)
    at Layer.handle [as handle_request] (/root/workspace/BackgroundNotificationInNodejs/node_modules/express/lib/router/layer.js:95:5)
    at /root/workspace/BackgroundNotificationInNodejs/node_modules/express/lib/router/index.js:284:15
    at Function.process_params (/root/workspace/BackgroundNotificationInNodejs/node_modules/express/lib/router/index.js:346:12) {
  fatal: true
}
error :  Error: Can't add new command when connection is in closed state
    at Connection._addCommandClosedState (/root/workspace/BackgroundNotificationInNodejs/node_modules/mysql2/lib/connection.js:148:17)
    at Connection.query (/root/workspace/BackgroundNotificationInNodejs/node_modules/mysql2/lib/connection.js:546:17)
    at Function.KEYWORD.findByUserId (/root/workspace/BackgroundNotificationInNodejs/models/KEYWORD.js:68:9)
    at /root/workspace/BackgroundNotificationInNodejs/routes/model.js:183:15
    at Layer.handle [as handle_request] (/root/workspace/BackgroundNotificationInNodejs/node_modules/express/lib/router/layer.js:95:5)
    at next (/root/workspace/BackgroundNotificationInNodejs/node_modules/express/lib/router/route.js:144:13)
    at Route.dispatch (/root/workspace/BackgroundNotificationInNodejs/node_modules/express/lib/router/route.js:114:3)
    at Layer.handle [as handle_request] (/root/workspace/BackgroundNotificationInNodejs/node_modules/express/lib/router/layer.js:95:5)
    at /root/workspace/BackgroundNotificationInNodejs/node_modules/express/lib/router/index.js:284:15
    at Function.process_params (/root/workspace/BackgroundNotificationInNodejs/node_modules/express/lib/router/index.js:346:12) {
  fatal: true
}
error :  Error: Can't add new command when connection is in closed state
    at Connection._addCommandClosedState (/root/workspace/BackgroundNotificationInNodejs/node_modules/mysql2/lib/connection.js:148:17)
    at Connection.query (/root/workspace/BackgroundNotificationInNodejs/node_modules/mysql2/lib/connection.js:546:17)
    at Function.USER.findByUserId (/root/workspace/BackgroundNotificationInNodejs/models/USER.js:89:9)
    at /root/workspace/BackgroundNotificationInNodejs/routes/model.js:35:12
    at Layer.handle [as handle_request] (/root/workspace/BackgroundNotificationInNodejs/node_modules/express/lib/router/layer.js:95:5)
    at next (/root/workspace/BackgroundNotificationInNodejs/node_modules/express/lib/router/route.js:144:13)
    at Route.dispatch (/root/workspace/BackgroundNotificationInNodejs/node_modules/express/lib/router/route.js:114:3)
    at Layer.handle [as handle_request] (/root/workspace/BackgroundNotificationInNodejs/node_modules/express/lib/router/layer.js:95:5)
    at /root/workspace/BackgroundNotificationInNodejs/node_modules/express/lib/router/index.js:284:15
    at Function.process_params (/root/workspace/BackgroundNotificationInNodejs/node_modules/express/lib/router/index.js:346:12) {
  fatal: true
}
Error [ERR_HTTP_HEADERS_SENT]: Cannot set headers after they are sent to the client
    at new NodeError (node:internal/errors:387:5)
    at ServerResponse.setHeader (node:_http_outgoing:644:11)
    at ServerResponse.header (/root/workspace/BackgroundNotificationInNodejs/node_modules/express/lib/response.js:794:10)
    at ServerResponse.send (/root/workspace/BackgroundNotificationInNodejs/node_modules/express/lib/response.js:174:12)
    at ServerResponse.json (/root/workspace/BackgroundNotificationInNodejs/node_modules/express/lib/response.js:278:15)
    at /root/workspace/BackgroundNotificationInNodejs/routes/model.js:39:13
    at Query.onResult (/root/workspace/BackgroundNotificationInNodejs/models/USER.js:92:13)
    at Connection._addCommandClosedState (/root/workspace/BackgroundNotificationInNodejs/node_modules/mysql2/lib/connection.js:153:11)
    at Connection.query (/root/workspace/BackgroundNotificationInNodejs/node_modules/mysql2/lib/connection.js:546:17)
    at Function.USER.findByUserId (/root/workspace/BackgroundNotificationInNodejs/models/USER.js:89:9)
error :  Error: Can't add new command when connection is in closed state
    at Connection._addCommandClosedState (/root/workspace/BackgroundNotificationInNodejs/node_modules/mysql2/lib/connection.js:148:17)
    at Connection.query (/root/workspace/BackgroundNotificationInNodejs/node_modules/mysql2/lib/connection.js:546:17)
    at Function.USER.findByUserId (/root/workspace/BackgroundNotificationInNodejs/models/USER.js:89:9)
    at /root/workspace/BackgroundNotificationInNodejs/routes/model.js:35:12
    at Layer.handle [as handle_request] (/root/workspace/BackgroundNotificationInNodejs/node_modules/express/lib/router/layer.js:95:5)
    at next (/root/workspace/BackgroundNotificationInNodejs/node_modules/express/lib/router/route.js:144:13)
    at Route.dispatch (/root/workspace/BackgroundNotificationInNodejs/node_modules/express/lib/router/route.js:114:3)
    at Layer.handle [as handle_request] (/root/workspace/BackgroundNotificationInNodejs/node_modules/express/lib/router/layer.js:95:5)
    at /root/workspace/BackgroundNotificationInNodejs/node_modules/express/lib/router/index.js:284:15
    at Function.process_params (/root/workspace/BackgroundNotificationInNodejs/node_modules/express/lib/router/index.js:346:12) {
  fatal: true
}
Error [ERR_HTTP_HEADERS_SENT]: Cannot set headers after they are sent to the client
    at new NodeError (node:internal/errors:387:5)
    at ServerResponse.setHeader (node:_http_outgoing:644:11)
    at ServerResponse.header (/root/workspace/BackgroundNotificationInNodejs/node_modules/express/lib/response.js:794:10)
    at ServerResponse.send (/root/workspace/BackgroundNotificationInNodejs/node_modules/express/lib/response.js:174:12)
    at ServerResponse.json (/root/workspace/BackgroundNotificationInNodejs/node_modules/express/lib/response.js:278:15)
    at /root/workspace/BackgroundNotificationInNodejs/routes/model.js:39:13
    at Query.onResult (/root/workspace/BackgroundNotificationInNodejs/models/USER.js:92:13)
    at Connection._addCommandClosedState (/root/workspace/BackgroundNotificationInNodejs/node_modules/mysql2/lib/connection.js:153:11)
    at Connection.query (/root/workspace/BackgroundNotificationInNodejs/node_modules/mysql2/lib/connection.js:546:17)
    at Function.USER.findByUserId (/root/workspace/BackgroundNotificationInNodejs/models/USER.js:89:9)
error :  Error: Can't add new command when connection is in closed state
    at Connection._addCommandClosedState (/root/workspace/BackgroundNotificationInNodejs/node_modules/mysql2/lib/connection.js:148:17)
    at Connection.query (/root/workspace/BackgroundNotificationInNodejs/node_modules/mysql2/lib/connection.js:546:17)
    at Function.USER.findByUserId (/root/workspace/BackgroundNotificationInNodejs/models/USER.js:89:9)
    at /root/workspace/BackgroundNotificationInNodejs/routes/model.js:35:12
    at Layer.handle [as handle_request] (/root/workspace/BackgroundNotificationInNodejs/node_modules/express/lib/router/layer.js:95:5)
    at next (/root/workspace/BackgroundNotificationInNodejs/node_modules/express/lib/router/route.js:144:13)
    at Route.dispatch (/root/workspace/BackgroundNotificationInNodejs/node_modules/express/lib/router/route.js:114:3)
    at Layer.handle [as handle_request] (/root/workspace/BackgroundNotificationInNodejs/node_modules/express/lib/router/layer.js:95:5)
    at /root/workspace/BackgroundNotificationInNodejs/node_modules/express/lib/router/index.js:284:15
    at Function.process_params (/root/workspace/BackgroundNotificationInNodejs/node_modules/express/lib/router/index.js:346:12) {
  fatal: true
}
Error [ERR_HTTP_HEADERS_SENT]: Cannot set headers after they are sent to the client
    at new NodeError (node:internal/errors:387:5)
    at ServerResponse.setHeader (node:_http_outgoing:644:11)
    at ServerResponse.header (/root/workspace/BackgroundNotificationInNodejs/node_modules/express/lib/response.js:794:10)
    at ServerResponse.send (/root/workspace/BackgroundNotificationInNodejs/node_modules/express/lib/response.js:174:12)
    at ServerResponse.json (/root/workspace/BackgroundNotificationInNodejs/node_modules/express/lib/response.js:278:15)
    at /root/workspace/BackgroundNotificationInNodejs/routes/model.js:39:13
    at Query.onResult (/root/workspace/BackgroundNotificationInNodejs/models/USER.js:92:13)
    at Connection._addCommandClosedState (/root/workspace/BackgroundNotificationInNodejs/node_modules/mysql2/lib/connection.js:153:11)
    at Connection.query (/root/workspace/BackgroundNotificationInNodejs/node_modules/mysql2/lib/connection.js:546:17)
    at Function.USER.findByUserId (/root/workspace/BackgroundNotificationInNodejs/models/USER.js:89:9)
node:internal/modules/cjs/loader:988
  throw err;
  ^

Error: Cannot find module '/root/workspace/BackgroundNotificationInNodejs/aoo,js'
    at Function.Module._resolveFilename (node:internal/modules/cjs/loader:985:15)
    at Function.Module._load (node:internal/modules/cjs/loader:833:27)
    at Function.executeUserEntryPoint [as runMain] (node:internal/modules/run_main:81:12)
    at node:internal/main/run_main_module:22:47 {
  code: 'MODULE_NOT_FOUND',
  requireStack: []
}
node:internal/modules/cjs/loader:988
  throw err;
  ^

Error: Cannot find module '/root/workspace/BackgroundNotificationInNodejs/aoo.js'
    at Function.Module._resolveFilename (node:internal/modules/cjs/loader:985:15)
    at Function.Module._load (node:internal/modules/cjs/loader:833:27)
    at Function.executeUserEntryPoint [as runMain] (node:internal/modules/run_main:81:12)
    at node:internal/main/run_main_module:22:47 {
  code: 'MODULE_NOT_FOUND',
  requireStack: []
}
8084 번 포트에서 안드로이드서 서버 시작.
8084 번 포트에서 안드로이드서 서버 시작.
8084 번 포트에서 안드로이드서 서버 시작.
node:events:491
      throw er; // Unhandled 'error' event
      ^

Error: listen EADDRINUSE: address already in use :::8084
    at Server.setupListenHandle [as _listen2] (node:net:1463:16)
    at listenInCluster (node:net:1511:12)
    at Server.listen (node:net:1599:7)
    at Function.listen (/root/workspace/BackgroundNotificationInNodejs/node_modules/express/lib/application.js:635:24)
    at Object.<anonymous> (/root/workspace/BackgroundNotificationInNodejs/app.js:40:5)
    at Module._compile (node:internal/modules/cjs/loader:1155:14)
    at Object.Module._extensions..js (node:internal/modules/cjs/loader:1209:10)
    at Module.load (node:internal/modules/cjs/loader:1033:32)
    at Function.Module._load (node:internal/modules/cjs/loader:868:12)
    at Function.executeUserEntryPoint [as runMain] (node:internal/modules/run_main:81:12)
Emitted 'error' event on Server instance at:
    at emitErrorNT (node:net:1490:8)
    at processTicksAndRejections (node:internal/process/task_queues:83:21) {
  code: 'EADDRINUSE',
  errno: -98,
  syscall: 'listen',
  address: '::',
  port: 8084
}
8084 번 포트에서 안드로이드서 서버 시작.
